Usage:
    C:\Users\Joseph\Driver\geckodriver.exe [OPTIONS]
C:\Users\Joseph\Driver\geckodriver.exe: Unknown option --port
Usage:
    C:\Users\Joseph\Driver\geckodriver.exe [OPTIONS]
C:\Users\Joseph\Driver\geckodriver.exe: Unknown option --port
Usage:
    C:\Users\Joseph\Driver\geckodriver.exe [OPTIONS]
C:\Users\Joseph\Driver\geckodriver.exe: Unknown option --port
Usage:
    C:\Users\Joseph\Driver\geckodriver.exe [OPTIONS]
C:\Users\Joseph\Driver\geckodriver.exe: Unknown option --port
Usage:
    C:\Users\Joseph\Driver\geckodriver.exe [OPTIONS]
C:\Users\Joseph\Driver\geckodriver.exe: Unknown option --port
Usage:
    C:\Users\Joseph\Driver\geckodriver.exe [OPTIONS]
C:\Users\Joseph\Driver\geckodriver.exe: Unknown option --port
Usage:
    C:\Users\Joseph\Driver\geckodriver.exe [OPTIONS]
C:\Users\Joseph\Driver\geckodriver.exe: Unknown option --port
Usage:
    C:\Users\Joseph\Driver\geckodriver.exe [OPTIONS]
C:\Users\Joseph\Driver\geckodriver.exe: Unknown option --port
Usage:
    C:/Users/Joseph/Driver/geckodriver.exe [OPTIONS]
C:/Users/Joseph/Driver/geckodriver.exe: Unknown option --port
Usage:
    C:/Users/Joseph/Driver/geckodriver.exe [OPTIONS]
C:/Users/Joseph/Driver/geckodriver.exe: Unknown option --port
Usage:
    C:/Users/Joseph/Driver/geckodriver.exe [OPTIONS]
C:/Users/Joseph/Driver/geckodriver.exe: Unknown option --port
Usage:
    C:/Users/Joseph/Driver/geckodriver.exe [OPTIONS]
C:/Users/Joseph/Driver/geckodriver.exe: Unknown option --port
Usage:
    C:/Users/Joseph/Driver/geckodriver.exe [OPTIONS]
C:/Users/Joseph/Driver/geckodriver.exe: Unknown option --port
Usage:
    geckodriver [OPTIONS]
geckodriver: Unknown option --port
Usage:
    geckodriver [OPTIONS]
geckodriver: Unknown option --port
Usage:
    geckodriver [OPTIONS]
geckodriver: Unknown option --port
